  VirtualWorld2D.cpp
E:\source\MySLAM\MySLAM\VirtualWorld2D.cpp(58,59): warning C4244: '인수': 'double'에서 'float'(으)로 변환하면서 데이터가 손실될 수 있습니다.
E:\source\MySLAM\MySLAM\VirtualWorld2D.cpp(163,14): warning C4244: '초기화 중': 'double'에서 'int'(으)로 변환하면서 데이터가 손실될 수 있습니다.
E:\source\MySLAM\MySLAM\VirtualWorld2D.cpp(164,74): warning C4244: '인수': 'double'에서 'int'(으)로 변환하면서 데이터가 손실될 수 있습니다.
E:\source\MySLAM\MySLAM\VirtualWorld2D.cpp(173,23): warning C4244: '초기화 중': 'double'에서 'float'(으)로 변환하면서 데이터가 손실될 수 있습니다.
E:\source\MySLAM\MySLAM\VirtualWorld2D.cpp(174,53): warning C4244: '인수': 'double'에서 'float'(으)로 변환하면서 데이터가 손실될 수 있습니다.
E:\source\MySLAM\MySLAM\VirtualWorld2D.cpp(181,12): warning C4244: '초기화 중': 'float'에서 'int'(으)로 변환하면서 데이터가 손실될 수 있습니다.
E:\source\MySLAM\MySLAM\VirtualWorld2D.cpp(182,12): warning C4244: '초기화 중': 'float'에서 'int'(으)로 변환하면서 데이터가 손실될 수 있습니다.
E:\source\MySLAM\MySLAM\VirtualWorld2D.cpp(222,64): warning C4244: '인수': 'float'에서 '_Tp'(으)로 변환하면서 데이터가 손실될 수 있습니다.
          with
          [
              _Tp=int
          ]
E:\source\MySLAM\MySLAM\VirtualWorld2D.cpp(222,46): warning C4244: '인수': 'float'에서 '_Tp'(으)로 변환하면서 데이터가 손실될 수 있습니다.
          with
          [
              _Tp=int
          ]
E:\source\MySLAM\MySLAM\VirtualWorld2D.cpp(242,62): warning C4244: '인수': 'double'에서 '_Tp'(으)로 변환하면서 데이터가 손실될 수 있습니다.
          with
          [
              _Tp=float
          ]
E:\source\MySLAM\MySLAM\VirtualWorld2D.cpp(242,36): warning C4244: '인수': 'double'에서 '_Tp'(으)로 변환하면서 데이터가 손실될 수 있습니다.
          with
          [
              _Tp=float
          ]
E:\source\MySLAM\MySLAM\VirtualWorld2D.cpp(244,14): warning C4244: '초기화 중': 'double'에서 'float'(으)로 변환하면서 데이터가 손실될 수 있습니다.
E:\source\MySLAM\MySLAM\VirtualWorld2D.cpp(252,14): warning C4244: '초기화 중': 'double'에서 'int'(으)로 변환하면서 데이터가 손실될 수 있습니다.
E:\source\MySLAM\MySLAM\VirtualWorld2D.cpp(254,59): warning C4244: '=': '_Tp'에서 'float'(으)로 변환하면서 데이터가 손실될 수 있습니다.
          with
          [
              _Tp=double
          ]
E:\source\MySLAM\MySLAM\VirtualWorld2D.cpp(255,59): warning C4244: '=': '_Tp'에서 'float'(으)로 변환하면서 데이터가 손실될 수 있습니다.
          with
          [
              _Tp=double
          ]
E:\source\MySLAM\MySLAM\VirtualWorld2D.cpp(278,23): warning C4244: '초기화 중': 'double'에서 'float'(으)로 변환하면서 데이터가 손실될 수 있습니다.
E:\source\MySLAM\MySLAM\VirtualWorld2D.cpp(286,12): warning C4244: '초기화 중': '_Tp'에서 'int'(으)로 변환하면서 데이터가 손실될 수 있습니다.
          with
          [
              _Tp=double
          ]
E:\source\MySLAM\MySLAM\VirtualWorld2D.cpp(287,12): warning C4244: '초기화 중': '_Tp'에서 'int'(으)로 변환하면서 데이터가 손실될 수 있습니다.
          with
          [
              _Tp=double
          ]
E:\source\MySLAM\MySLAM\VirtualWorld2D.cpp(328,49): warning C4244: '=': '_Tp'에서 'float'(으)로 변환하면서 데이터가 손실될 수 있습니다.
          with
          [
              _Tp=double
          ]
E:\source\MySLAM\MySLAM\VirtualWorld2D.cpp(329,49): warning C4244: '=': '_Tp'에서 'float'(으)로 변환하면서 데이터가 손실될 수 있습니다.
          with
          [
              _Tp=double
          ]
  main.cpp
  코드를 생성하고 있습니다...
  MySLAM.vcxproj -> E:\source\MySLAM\x64\Debug\MySLAM.exe
